<?xml version="1.0" encoding="UTF-8"?>
<!-- Generated by org.testng.reporters.JUnitReportReporter -->
<testsuite hostname="Avijeet-Desktop" failures="0" tests="1" name="com.brigdelabz.APITestingWithRestAssured.RestApiTest" time="3.633" errors="0" timestamp="2022-06-21T12:09:40 IST" skipped="0">
  <testcase classname="com.brigdelabz.APITestingWithRestAssured.RestApiTest" name="testgetUserProfile_ShouldReturn_StatusCode200" time="3.633"/>
  <system-out/>
</testsuite> <!-- com.brigdelabz.APITestingWithRestAssured.RestApiTest -->
